<?xml version="1.0" encoding="UTF-8"?>
<!-- Generated by org.testng.reporters.JUnitXMLReporter -->
<testsuite ignored="2" hostname="Maithili" failures="0" tests="1" name="Test" time="10.063" errors="0" timestamp="2025-12-08T17:44:22 IST">
  <testcase classname="Test.LoginTest" name="loginInvalidCredentials" time="2.773"/>
  <testcase classname="Test.LoginTest" name="loginMultipleCombo" time="0.0">
    <ignored/>
  </testcase> <!-- loginMultipleCombo -->
  <testcase classname="Test.LoginTest" name="loginValidCredentials" time="0.0">
    <ignored/>
  </testcase> <!-- loginValidCredentials -->
</testsuite> <!-- Test -->
